main -- time : 1546955960.510807s
cre_arbre -- time : 1546955960.510889s
lecture_fichier -- time : 1546955960.510905s
lecture_ligne -- time : 1546955960.510913s
END -- time : 1546955960.510931s
alloue_noeud -- time : 1546955960.510943s
END -- time : 1546955960.510950s
lecture_ligne -- time : 1546955960.510957s
END -- time : 1546955960.510966s
Ajouter_fils -- time : 1546955960.510974s
alloue_noeud -- time : 1546955960.510981s
END -- time : 1546955960.510988s
END -- time : 1546955960.510995s
lecture_ligne -- time : 1546955960.511003s
END -- time : 1546955960.511011s
Ajouter_fils -- time : 1546955960.511019s
alloue_noeud -- time : 1546955960.511025s
END -- time : 1546955960.511033s
END -- time : 1546955960.511039s
lecture_ligne -- time : 1546955960.511048s
END -- time : 1546955960.511056s
Ajouter_fils -- time : 1546955960.511063s
alloue_noeud -- time : 1546955960.511070s
END -- time : 1546955960.511077s
END -- time : 1546955960.511084s
lecture_ligne -- time : 1546955960.511091s
END -- time : 1546955960.511099s
Ajouter_fils -- time : 1546955960.511106s
alloue_noeud -- time : 1546955960.511114s
END -- time : 1546955960.511121s
END -- time : 1546955960.511128s
lecture_ligne -- time : 1546955960.511135s
END -- time : 1546955960.511143s
Ajouter_fils -- time : 1546955960.511150s
alloue_noeud -- time : 1546955960.511158s
END -- time : 1546955960.511165s
END -- time : 1546955960.511173s
lecture_ligne -- time : 1546955960.511179s
END -- time : 1546955960.511188s
Ajouter_fils -- time : 1546955960.511195s
alloue_noeud -- time : 1546955960.511202s
END -- time : 1546955960.511209s
END -- time : 1546955960.511216s
lecture_ligne -- time : 1546955960.511223s
END -- time : 1546955960.511231s
Ajouter_fils -- time : 1546955960.511238s
alloue_noeud -- time : 1546955960.511245s
END -- time : 1546955960.511252s
END -- time : 1546955960.511260s
lecture_ligne -- time : 1546955960.511267s
END -- time : 1546955960.511275s
Ajouter_fils -- time : 1546955960.511282s
alloue_noeud -- time : 1546955960.511289s
END -- time : 1546955960.511296s
END -- time : 1546955960.511303s
lecture_ligne -- time : 1546955960.511309s
END -- time : 1546955960.511318s
Ajouter_fils -- time : 1546955960.511325s
alloue_noeud -- time : 1546955960.511332s
END -- time : 1546955960.511339s
END -- time : 1546955960.511347s
lecture_ligne -- time : 1546955960.511354s
END -- time : 1546955960.511362s
Ajouter_fils -- time : 1546955960.511370s
alloue_noeud -- time : 1546955960.511377s
END -- time : 1546955960.511384s
END -- time : 1546955960.511390s
lecture_ligne -- time : 1546955960.511398s
END -- time : 1546955960.511406s
lecture_ligne -- time : 1546955960.511414s
END -- time : 1546955960.511423s
lecture_ligne -- time : 1546955960.511430s
END -- time : 1546955960.511437s
lecture_ligne -- time : 1546955960.511444s
END -- time : 1546955960.511453s
lecture_ligne -- time : 1546955960.511469s
END -- time : 1546955960.511478s
lecture_ligne -- time : 1546955960.511485s
END -- time : 1546955960.511493s
lecture_ligne -- time : 1546955960.511500s
END -- time : 1546955960.511508s
lecture_ligne -- time : 1546955960.511515s
END -- time : 1546955960.511523s
lecture_ligne -- time : 1546955960.511530s
END -- time : 1546955960.511538s
lecture_ligne -- time : 1546955960.511545s
END -- time : 1546955960.511553s
lecture_ligne -- time : 1546955960.511559s
END -- time : 1546955960.511568s
lecture_ligne -- time : 1546955960.511575s
END -- time : 1546955960.511584s
END -- time : 1546955960.511591s
affiche_arbre -- time : 1546955960.511598s
affiche_arbre -- time : 1546955960.511615s
affiche_arbre -- time : 1546955960.511634s
affiche_arbre -- time : 1546955960.511647s
affiche_arbre -- time : 1546955960.511661s
affiche_arbre -- time : 1546955960.511675s
affiche_arbre -- time : 1546955960.511687s
affiche_arbre -- time : 1546955960.511698s
affiche_arbre -- time : 1546955960.511709s
affiche_arbre -- time : 1546955960.511722s
affiche_arbre -- time : 1546955960.511737s
affiche_arbre -- time : 1546955960.511748s
END -- time : 1546955960.511755s
affiche_arbre -- time : 1546955960.511762s
END -- time : 1546955960.511769s
END -- time : 1546955960.511781s
affiche_arbre -- time : 1546955960.511788s
END -- time : 1546955960.511794s
END -- time : 1546955960.511800s
affiche_arbre -- time : 1546955960.511806s
END -- time : 1546955960.511813s
END -- time : 1546955960.511819s
affiche_arbre -- time : 1546955960.511826s
END -- time : 1546955960.511832s
END -- time : 1546955960.511838s
affiche_arbre -- time : 1546955960.511844s
END -- time : 1546955960.511850s
END -- time : 1546955960.511863s
affiche_arbre -- time : 1546955960.511872s
END -- time : 1546955960.511879s
END -- time : 1546955960.511885s
affiche_arbre -- time : 1546955960.511892s
END -- time : 1546955960.511898s
END -- time : 1546955960.511905s
affiche_arbre -- time : 1546955960.511911s
END -- time : 1546955960.511917s
END -- time : 1546955960.511925s
affiche_arbre -- time : 1546955960.511932s
END -- time : 1546955960.511938s
END -- time : 1546955960.511944s
affiche_arbre -- time : 1546955960.511951s
END -- time : 1546955960.511959s
END -- time : 1546955960.511965s
affiche_arbre -- time : 1546955960.511971s
END -- time : 1546955960.511977s
END -- time : 1546955960.511983s
END -- time : 1546955960.511990s
recap -- time : 1546955960.511997s
creation_recap -- time : 1546955960.512003s
lecture_arbre -- time : 1546955960.512013s
is_fonct_in_recap -- time : 1546955960.512021s
END -- time : 1546955960.512029s
new_fonct -- time : 1546955960.512035s
END -- time : 1546955960.512043s
lecture_arbre -- time : 1546955960.512049s
is_fonct_in_recap -- time : 1546955960.512055s
END -- time : 1546955960.512062s
new_fonct -- time : 1546955960.512068s
END -- time : 1546955960.512074s
lecture_arbre -- time : 1546955960.512080s
is_fonct_in_recap -- time : 1546955960.512088s
END -- time : 1546955960.512095s
update_fonct -- time : 1546955960.512102s
END -- time : 1546955960.512108s
lecture_arbre -- time : 1546955960.512115s
is_fonct_in_recap -- time : 1546955960.512121s
END -- time : 1546955960.512129s
update_fonct -- time : 1546955960.512135s
END -- time : 1546955960.512141s
lecture_arbre -- time : 1546955960.512148s
is_fonct_in_recap -- time : 1546955960.512155s
END -- time : 1546955960.512161s
update_fonct -- time : 1546955960.512168s
END -- time : 1546955960.512175s
lecture_arbre -- time : 1546955960.512182s
is_fonct_in_recap -- time : 1546955960.512188s
END -- time : 1546955960.512195s
update_fonct -- time : 1546955960.512201s
END -- time : 1546955960.512207s
lecture_arbre -- time : 1546955960.512213s
is_fonct_in_recap -- time : 1546955960.512219s
END -- time : 1546955960.512226s
update_fonct -- time : 1546955960.512233s
END -- time : 1546955960.512240s
lecture_arbre -- time : 1546955960.512247s
is_fonct_in_recap -- time : 1546955960.512253s
END -- time : 1546955960.512259s
update_fonct -- time : 1546955960.512266s
END -- time : 1546955960.512272s
lecture_arbre -- time : 1546955960.512278s
is_fonct_in_recap -- time : 1546955960.512285s
END -- time : 1546955960.512291s
update_fonct -- time : 1546955960.512297s
END -- time : 1546955960.512304s
lecture_arbre -- time : 1546955960.512311s
is_fonct_in_recap -- time : 1546955960.512317s
END -- time : 1546955960.512323s
update_fonct -- time : 1546955960.512329s
END -- time : 1546955960.512336s
lecture_arbre -- time : 1546955960.512342s
is_fonct_in_recap -- time : 1546955960.512349s
END -- time : 1546955960.512355s
update_fonct -- time : 1546955960.512361s
END -- time : 1546955960.512367s
lecture_arbre -- time : 1546955960.512374s
END -- time : 1546955960.512381s
lecture_arbre -- time : 1546955960.512387s
END -- time : 1546955960.512393s
END -- time : 1546955960.512400s
lecture_arbre -- time : 1546955960.512406s
END -- time : 1546955960.512412s
END -- time : 1546955960.512418s
lecture_arbre -- time : 1546955960.512424s
END -- time : 1546955960.512431s
END -- time : 1546955960.512437s
lecture_arbre -- time : 1546955960.512443s
END -- time : 1546955960.512450s
END -- time : 1546955960.512457s
lecture_arbre -- time : 1546955960.512464s
END -- time : 1546955960.512471s
END -- time : 1546955960.512477s
lecture_arbre -- time : 1546955960.512484s
END -- time : 1546955960.512490s
END -- time : 1546955960.512500s
lecture_arbre -- time : 1546955960.512506s
END -- time : 1546955960.512513s
END -- time : 1546955960.512519s
lecture_arbre -- time : 1546955960.512526s
END -- time : 1546955960.512533s
END -- time : 1546955960.512540s
lecture_arbre -- time : 1546955960.512546s
END -- time : 1546955960.512580s
END -- time : 1546955960.512588s
lecture_arbre -- time : 1546955960.512596s
END -- time : 1546955960.512602s
END -- time : 1546955960.512609s
lecture_arbre -- time : 1546955960.512615s
END -- time : 1546955960.512622s
END -- time : 1546955960.512629s
END -- time : 1546955960.512636s
affiche_recap -- time : 1546955960.512642s
END -- time : 1546955960.512666s
END -- time : 1546955960.512674s
graph -- time : 1546955960.512681s
ouverture_fenetre -- time : 1546955960.512688s
END -- time : 1546955960.561597s
draw_noeud -- time : 1546955960.561634s
draw_noeud -- time : 1546955960.576874s
draw_noeud -- time : 1546955960.583952s
draw_noeud -- time : 1546955960.588345s
draw_noeud -- time : 1546955960.591998s
draw_noeud -- time : 1546955960.595496s
draw_noeud -- time : 1546955960.598836s
draw_noeud -- time : 1546955960.600761s
draw_noeud -- time : 1546955960.602291s
draw_noeud -- time : 1546955960.603251s
draw_noeud -- time : 1546955960.603688s
draw_noeud -- time : 1546955960.603785s
END -- time : 1546955960.603791s
draw_noeud -- time : 1546955960.603796s
END -- time : 1546955960.603800s
END -- time : 1546955960.603804s
draw_noeud -- time : 1546955960.603808s
END -- time : 1546955960.603813s
END -- time : 1546955960.603817s
draw_noeud -- time : 1546955960.603821s
END -- time : 1546955960.603825s
END -- time : 1546955960.603829s
draw_noeud -- time : 1546955960.603833s
END -- time : 1546955960.603837s
END -- time : 1546955960.603841s
draw_noeud -- time : 1546955960.603845s
END -- time : 1546955960.603849s
END -- time : 1546955960.603853s
draw_noeud -- time : 1546955960.603873s
END -- time : 1546955960.603879s
END -- time : 1546955960.603883s
draw_noeud -- time : 1546955960.603887s
END -- time : 1546955960.603890s
END -- time : 1546955960.603894s
draw_noeud -- time : 1546955960.603898s
END -- time : 1546955960.603903s
END -- time : 1546955960.603906s
draw_noeud -- time : 1546955960.603910s
END -- time : 1546955960.603914s
END -- time : 1546955960.603918s
draw_noeud -- time : 1546955960.603922s
END -- time : 1546955960.603927s
END -- time : 1546955960.603931s
draw_noeud -- time : 1546955960.603935s
END -- time : 1546955960.603939s
END -- time : 1546955960.603943s
END -- time : 1546955960.603947s
END -- time : 1546955960.603951s
