main -- time : 1547406013.625465s
global -- time : 1547406013.625556s
ouverture_fenetre -- time : 1547406013.625573s
END -- time : 1547406013.657364s
affiche_menu -- time : 1547406013.657400s
END -- time : 1547406013.660534s
recup_clic_menu -- time : 1547406013.660568s
END -- time : 1547406015.531413s
file_to_load -- time : 1547406015.531444s
END -- time : 1547406022.492149s
draw_load -- time : 1547406022.492196s
END -- time : 1547406022.495342s
cre_arbre -- time : 1547406022.495367s
lecture_fichier -- time : 1547406022.495374s
lecture_ligne -- time : 1547406022.495380s
END -- time : 1547406022.495405s
alloue_noeud -- time : 1547406022.495411s
END -- time : 1547406022.495417s
lecture_ligne -- time : 1547406022.495422s
END -- time : 1547406022.495429s
Ajouter_fils -- time : 1547406022.495434s
alloue_noeud -- time : 1547406022.495440s
END -- time : 1547406022.495445s
END -- time : 1547406022.495450s
lecture_ligne -- time : 1547406022.495456s
END -- time : 1547406022.495463s
Ajouter_fils -- time : 1547406022.495468s
alloue_noeud -- time : 1547406022.495474s
END -- time : 1547406022.495479s
END -- time : 1547406022.495485s
lecture_ligne -- time : 1547406022.495490s
END -- time : 1547406022.495496s
Ajouter_fils -- time : 1547406022.495501s
alloue_noeud -- time : 1547406022.495507s
END -- time : 1547406022.495512s
END -- time : 1547406022.495518s
lecture_ligne -- time : 1547406022.495524s
END -- time : 1547406022.495530s
Ajouter_fils -- time : 1547406022.495536s
alloue_noeud -- time : 1547406022.495541s
END -- time : 1547406022.495547s
END -- time : 1547406022.495552s
lecture_ligne -- time : 1547406022.495557s
END -- time : 1547406022.495563s
Ajouter_fils -- time : 1547406022.495569s
alloue_noeud -- time : 1547406022.495574s
END -- time : 1547406022.495580s
END -- time : 1547406022.495585s
lecture_ligne -- time : 1547406022.495590s
END -- time : 1547406022.495597s
Ajouter_fils -- time : 1547406022.495602s
alloue_noeud -- time : 1547406022.495608s
END -- time : 1547406022.495614s
END -- time : 1547406022.495619s
lecture_ligne -- time : 1547406022.495624s
END -- time : 1547406022.495631s
Ajouter_fils -- time : 1547406022.495636s
alloue_noeud -- time : 1547406022.495641s
END -- time : 1547406022.495647s
END -- time : 1547406022.495653s
lecture_ligne -- time : 1547406022.495659s
END -- time : 1547406022.495665s
Ajouter_fils -- time : 1547406022.495671s
alloue_noeud -- time : 1547406022.495676s
END -- time : 1547406022.495681s
END -- time : 1547406022.495687s
lecture_ligne -- time : 1547406022.495692s
END -- time : 1547406022.495698s
Ajouter_fils -- time : 1547406022.495704s
alloue_noeud -- time : 1547406022.495709s
END -- time : 1547406022.495715s
END -- time : 1547406022.495720s
lecture_ligne -- time : 1547406022.495726s
END -- time : 1547406022.495732s
Ajouter_fils -- time : 1547406022.495737s
alloue_noeud -- time : 1547406022.495743s
END -- time : 1547406022.495748s
END -- time : 1547406022.495753s
lecture_ligne -- time : 1547406022.495759s
END -- time : 1547406022.495765s
lecture_ligne -- time : 1547406022.495770s
END -- time : 1547406022.495776s
lecture_ligne -- time : 1547406022.495781s
END -- time : 1547406022.495787s
lecture_ligne -- time : 1547406022.495792s
END -- time : 1547406022.495799s
lecture_ligne -- time : 1547406022.495805s
END -- time : 1547406022.495811s
lecture_ligne -- time : 1547406022.495817s
END -- time : 1547406022.495823s
lecture_ligne -- time : 1547406022.495828s
END -- time : 1547406022.495834s
lecture_ligne -- time : 1547406022.495840s
END -- time : 1547406022.495846s
lecture_ligne -- time : 1547406022.495851s
END -- time : 1547406022.495857s
lecture_ligne -- time : 1547406022.495862s
END -- time : 1547406022.495868s
lecture_ligne -- time : 1547406022.495873s
END -- time : 1547406022.495879s
lecture_ligne -- time : 1547406022.495885s
END -- time : 1547406022.495891s
END -- time : 1547406022.495897s
affiche_arbre -- time : 1547406022.495902s
affiche_arbre -- time : 1547406022.495914s
affiche_arbre -- time : 1547406022.495926s
affiche_arbre -- time : 1547406022.495935s
affiche_arbre -- time : 1547406022.495943s
affiche_arbre -- time : 1547406022.495960s
affiche_arbre -- time : 1547406022.495967s
affiche_arbre -- time : 1547406022.495975s
affiche_arbre -- time : 1547406022.495983s
affiche_arbre -- time : 1547406022.495990s
affiche_arbre -- time : 1547406022.495997s
affiche_arbre -- time : 1547406022.496004s
END -- time : 1547406022.496009s
affiche_arbre -- time : 1547406022.496014s
END -- time : 1547406022.496019s
END -- time : 1547406022.496024s
affiche_arbre -- time : 1547406022.496029s
END -- time : 1547406022.496034s
END -- time : 1547406022.496039s
affiche_arbre -- time : 1547406022.496044s
END -- time : 1547406022.496048s
END -- time : 1547406022.496053s
affiche_arbre -- time : 1547406022.496058s
END -- time : 1547406022.496063s
END -- time : 1547406022.496067s
affiche_arbre -- time : 1547406022.496073s
END -- time : 1547406022.496077s
END -- time : 1547406022.496082s
affiche_arbre -- time : 1547406022.496088s
END -- time : 1547406022.496093s
END -- time : 1547406022.496098s
affiche_arbre -- time : 1547406022.496103s
END -- time : 1547406022.496108s
END -- time : 1547406022.496112s
affiche_arbre -- time : 1547406022.496117s
END -- time : 1547406022.496122s
END -- time : 1547406022.496126s
affiche_arbre -- time : 1547406022.496131s
END -- time : 1547406022.496136s
END -- time : 1547406022.496140s
affiche_arbre -- time : 1547406022.496146s
END -- time : 1547406022.496150s
END -- time : 1547406022.496156s
affiche_arbre -- time : 1547406022.496161s
END -- time : 1547406022.496167s
END -- time : 1547406022.496172s
END -- time : 1547406022.496178s
affiche_menu -- time : 1547406022.496183s
END -- time : 1547406022.498711s
recup_clic_menu -- time : 1547406022.498742s
END -- time : 1547406023.832814s
draw_noeud -- time : 1547406023.833434s
draw_noeud -- time : 1547406023.843862s
draw_noeud -- time : 1547406023.849559s
draw_noeud -- time : 1547406023.853042s
draw_noeud -- time : 1547406023.855789s
draw_noeud -- time : 1547406023.857942s
draw_noeud -- time : 1547406023.859627s
draw_noeud -- time : 1547406023.860942s
draw_noeud -- time : 1547406023.861894s
draw_noeud -- time : 1547406023.862530s
draw_noeud -- time : 1547406023.862820s
draw_noeud -- time : 1547406023.862893s
END -- time : 1547406023.862901s
draw_noeud -- time : 1547406023.862905s
END -- time : 1547406023.862909s
END -- time : 1547406023.862914s
draw_noeud -- time : 1547406023.862920s
END -- time : 1547406023.862927s
END -- time : 1547406023.862934s
draw_noeud -- time : 1547406023.862940s
END -- time : 1547406023.862946s
END -- time : 1547406023.862952s
draw_noeud -- time : 1547406023.862958s
END -- time : 1547406023.862964s
END -- time : 1547406023.862970s
draw_noeud -- time : 1547406023.862975s
END -- time : 1547406023.862982s
END -- time : 1547406023.862988s
draw_noeud -- time : 1547406023.862994s
END -- time : 1547406023.863000s
END -- time : 1547406023.863006s
draw_noeud -- time : 1547406023.863012s
END -- time : 1547406023.863017s
END -- time : 1547406023.863023s
draw_noeud -- time : 1547406023.863028s
END -- time : 1547406023.863035s
END -- time : 1547406023.863041s
draw_noeud -- time : 1547406023.863046s
END -- time : 1547406023.863052s
END -- time : 1547406023.863060s
draw_noeud -- time : 1547406023.863065s
END -- time : 1547406023.863071s
END -- time : 1547406023.863077s
draw_noeud -- time : 1547406023.863083s
END -- time : 1547406023.863090s
END -- time : 1547406023.863096s
button -- time : 1547406023.865048s
END -- time : 1547406023.867006s
recup_click_tree -- time : 1547406023.867022s
END -- time : 1547406025.499534s
action_tree -- time : 1547406025.499566s
draw_noeud -- time : 1547406025.500016s
draw_noeud -- time : 1547406025.511607s
draw_noeud -- time : 1547406025.518684s
draw_noeud -- time : 1547406025.523923s
draw_noeud -- time : 1547406025.527443s
draw_noeud -- time : 1547406025.530237s
draw_noeud -- time : 1547406025.532428s
draw_noeud -- time : 1547406025.534111s
draw_noeud -- time : 1547406025.535237s
draw_noeud -- time : 1547406025.535761s
draw_noeud -- time : 1547406025.535879s
END -- time : 1547406025.535884s
draw_noeud -- time : 1547406025.535888s
END -- time : 1547406025.535900s
END -- time : 1547406025.535903s
draw_noeud -- time : 1547406025.535907s
END -- time : 1547406025.535910s
END -- time : 1547406025.535913s
draw_noeud -- time : 1547406025.535917s
END -- time : 1547406025.535920s
END -- time : 1547406025.535923s
draw_noeud -- time : 1547406025.535927s
END -- time : 1547406025.535930s
END -- time : 1547406025.535933s
draw_noeud -- time : 1547406025.535937s
END -- time : 1547406025.535940s
END -- time : 1547406025.535943s
draw_noeud -- time : 1547406025.535947s
END -- time : 1547406025.535950s
END -- time : 1547406025.535953s
draw_noeud -- time : 1547406025.535956s
END -- time : 1547406025.535960s
END -- time : 1547406025.535963s
draw_noeud -- time : 1547406025.535967s
END -- time : 1547406025.535970s
END -- time : 1547406025.535973s
draw_noeud -- time : 1547406025.535977s
END -- time : 1547406025.535980s
END -- time : 1547406025.535983s
draw_noeud -- time : 1547406025.535986s
END -- time : 1547406025.535990s
END -- time : 1547406025.535993s
END -- time : 1547406025.537824s
button -- time : 1547406025.537857s
END -- time : 1547406025.540501s
recup_click_tree -- time : 1547406025.540526s
END -- time : 1547406025.664818s
action_tree -- time : 1547406025.664853s
draw_noeud -- time : 1547406025.665405s
draw_noeud -- time : 1547406025.676518s
draw_noeud -- time : 1547406025.683601s
draw_noeud -- time : 1547406025.688357s
draw_noeud -- time : 1547406025.691774s
draw_noeud -- time : 1547406025.694460s
draw_noeud -- time : 1547406025.696484s
draw_noeud -- time : 1547406025.697899s
draw_noeud -- time : 1547406025.698568s
draw_noeud -- time : 1547406025.698722s
END -- time : 1547406025.698727s
draw_noeud -- time : 1547406025.698730s
END -- time : 1547406025.698734s
END -- time : 1547406025.698737s
draw_noeud -- time : 1547406025.698741s
END -- time : 1547406025.698744s
END -- time : 1547406025.698748s
draw_noeud -- time : 1547406025.698752s
END -- time : 1547406025.698756s
END -- time : 1547406025.698759s
draw_noeud -- time : 1547406025.698762s
END -- time : 1547406025.698766s
END -- time : 1547406025.698769s
draw_noeud -- time : 1547406025.698772s
END -- time : 1547406025.698775s
END -- time : 1547406025.698778s
draw_noeud -- time : 1547406025.698781s
END -- time : 1547406025.698785s
END -- time : 1547406025.698788s
draw_noeud -- time : 1547406025.698792s
END -- time : 1547406025.698797s
END -- time : 1547406025.698801s
draw_noeud -- time : 1547406025.698805s
END -- time : 1547406025.698809s
END -- time : 1547406025.698812s
draw_noeud -- time : 1547406025.698815s
END -- time : 1547406025.698818s
END -- time : 1547406025.698822s
END -- time : 1547406025.700918s
button -- time : 1547406025.700953s
END -- time : 1547406025.703331s
recup_click_tree -- time : 1547406025.703355s
END -- time : 1547406025.957812s
action_tree -- time : 1547406025.957844s
draw_noeud -- time : 1547406025.958377s
draw_noeud -- time : 1547406025.970387s
draw_noeud -- time : 1547406025.975507s
draw_noeud -- time : 1547406025.979653s
draw_noeud -- time : 1547406025.982969s
draw_noeud -- time : 1547406025.985459s
draw_noeud -- time : 1547406025.987186s
draw_noeud -- time : 1547406025.988012s
draw_noeud -- time : 1547406025.988203s
END -- time : 1547406025.988208s
draw_noeud -- time : 1547406025.988212s
END -- time : 1547406025.988215s
END -- time : 1547406025.988219s
draw_noeud -- time : 1547406025.988222s
END -- time : 1547406025.988225s
END -- time : 1547406025.988229s
draw_noeud -- time : 1547406025.988233s
END -- time : 1547406025.988236s
END -- time : 1547406025.988239s
draw_noeud -- time : 1547406025.988242s
END -- time : 1547406025.988245s
END -- time : 1547406025.988248s
draw_noeud -- time : 1547406025.988252s
END -- time : 1547406025.988255s
END -- time : 1547406025.988258s
draw_noeud -- time : 1547406025.988262s
END -- time : 1547406025.988265s
END -- time : 1547406025.988269s
draw_noeud -- time : 1547406025.988272s
END -- time : 1547406025.988276s
END -- time : 1547406025.988279s
draw_noeud -- time : 1547406025.988282s
END -- time : 1547406025.988286s
END -- time : 1547406025.988289s
END -- time : 1547406025.990130s
button -- time : 1547406025.990166s
END -- time : 1547406025.993055s
recup_click_tree -- time : 1547406025.993085s
END -- time : 1547406026.540018s
action_tree -- time : 1547406026.540056s
draw_noeud -- time : 1547406026.540512s
draw_noeud -- time : 1547406026.550932s
draw_noeud -- time : 1547406026.558007s
draw_noeud -- time : 1547406026.562300s
draw_noeud -- time : 1547406026.565741s
draw_noeud -- time : 1547406026.568522s
draw_noeud -- time : 1547406026.570595s
draw_noeud -- time : 1547406026.572022s
draw_noeud -- time : 1547406026.572705s
draw_noeud -- time : 1547406026.572870s
END -- time : 1547406026.572877s
draw_noeud -- time : 1547406026.572881s
END -- time : 1547406026.572884s
END -- time : 1547406026.572887s
draw_noeud -- time : 1547406026.572891s
END -- time : 1547406026.572894s
END -- time : 1547406026.572897s
draw_noeud -- time : 1547406026.572901s
END -- time : 1547406026.572904s
END -- time : 1547406026.572907s
draw_noeud -- time : 1547406026.572911s
END -- time : 1547406026.572914s
END -- time : 1547406026.572917s
draw_noeud -- time : 1547406026.572920s
END -- time : 1547406026.572923s
END -- time : 1547406026.572927s
draw_noeud -- time : 1547406026.572930s
END -- time : 1547406026.572933s
END -- time : 1547406026.572936s
draw_noeud -- time : 1547406026.572939s
END -- time : 1547406026.572942s
END -- time : 1547406026.572945s
draw_noeud -- time : 1547406026.572948s
END -- time : 1547406026.572951s
END -- time : 1547406026.572954s
draw_noeud -- time : 1547406026.572958s
END -- time : 1547406026.572961s
END -- time : 1547406026.572964s
END -- time : 1547406026.574769s
button -- time : 1547406026.574802s
END -- time : 1547406026.577377s
recup_click_tree -- time : 1547406026.577398s
END -- time : 1547406026.708655s
action_tree -- time : 1547406026.708692s
draw_noeud -- time : 1547406026.709304s
draw_noeud -- time : 1547406026.722327s
draw_noeud -- time : 1547406026.728352s
draw_noeud -- time : 1547406026.733350s
draw_noeud -- time : 1547406026.737465s
draw_noeud -- time : 1547406026.740653s
draw_noeud -- time : 1547406026.743125s
draw_noeud -- time : 1547406026.745006s
draw_noeud -- time : 1547406026.746270s
draw_noeud -- time : 1547406026.746860s
draw_noeud -- time : 1547406026.746997s
END -- time : 1547406026.747004s
draw_noeud -- time : 1547406026.747008s
END -- time : 1547406026.747012s
END -- time : 1547406026.747016s
draw_noeud -- time : 1547406026.747020s
END -- time : 1547406026.747024s
END -- time : 1547406026.747028s
draw_noeud -- time : 1547406026.747032s
END -- time : 1547406026.747036s
END -- time : 1547406026.747039s
draw_noeud -- time : 1547406026.747043s
END -- time : 1547406026.747047s
END -- time : 1547406026.747051s
draw_noeud -- time : 1547406026.747055s
END -- time : 1547406026.747059s
END -- time : 1547406026.747063s
draw_noeud -- time : 1547406026.747067s
END -- time : 1547406026.747071s
END -- time : 1547406026.747074s
draw_noeud -- time : 1547406026.747078s
END -- time : 1547406026.747083s
END -- time : 1547406026.747087s
draw_noeud -- time : 1547406026.747091s
END -- time : 1547406026.747095s
END -- time : 1547406026.747098s
draw_noeud -- time : 1547406026.747102s
END -- time : 1547406026.747106s
END -- time : 1547406026.747110s
draw_noeud -- time : 1547406026.747114s
END -- time : 1547406026.747118s
END -- time : 1547406026.747122s
END -- time : 1547406026.748958s
button -- time : 1547406026.748967s
END -- time : 1547406026.751207s
recup_click_tree -- time : 1547406026.751222s
END -- time : 1547406026.876421s
action_tree -- time : 1547406026.876456s
draw_noeud -- time : 1547406026.876983s
draw_noeud -- time : 1547406026.888819s
draw_noeud -- time : 1547406026.894860s
draw_noeud -- time : 1547406026.899303s
draw_noeud -- time : 1547406026.902231s
draw_noeud -- time : 1547406026.904381s
draw_noeud -- time : 1547406026.906064s
draw_noeud -- time : 1547406026.907360s
draw_noeud -- time : 1547406026.908306s
draw_noeud -- time : 1547406026.908951s
draw_noeud -- time : 1547406026.909235s
draw_noeud -- time : 1547406026.909295s
END -- time : 1547406026.909299s
draw_noeud -- time : 1547406026.909310s
END -- time : 1547406026.909313s
END -- time : 1547406026.909317s
draw_noeud -- time : 1547406026.909320s
END -- time : 1547406026.909324s
END -- time : 1547406026.909328s
draw_noeud -- time : 1547406026.909331s
END -- time : 1547406026.909334s
END -- time : 1547406026.909338s
draw_noeud -- time : 1547406026.909341s
END -- time : 1547406026.909345s
END -- time : 1547406026.909348s
draw_noeud -- time : 1547406026.909352s
END -- time : 1547406026.909355s
END -- time : 1547406026.909359s
draw_noeud -- time : 1547406026.909362s
END -- time : 1547406026.909365s
END -- time : 1547406026.909369s
draw_noeud -- time : 1547406026.909372s
END -- time : 1547406026.909375s
END -- time : 1547406026.909379s
draw_noeud -- time : 1547406026.909382s
END -- time : 1547406026.909385s
END -- time : 1547406026.909388s
draw_noeud -- time : 1547406026.909391s
END -- time : 1547406026.909395s
END -- time : 1547406026.909398s
draw_noeud -- time : 1547406026.909402s
END -- time : 1547406026.909405s
END -- time : 1547406026.909408s
draw_noeud -- time : 1547406026.909411s
END -- time : 1547406026.909415s
END -- time : 1547406026.909418s
END -- time : 1547406026.911317s
button -- time : 1547406026.911332s
END -- time : 1547406026.913461s
recup_click_tree -- time : 1547406026.913483s
END -- time : 1547406027.917028s
affiche_menu -- time : 1547406027.917065s
END -- time : 1547406027.919696s
recup_clic_menu -- time : 1547406027.919719s
END -- time : 1547406028.458553s
draw_load_symbol -- time : 1547406028.458591s
END -- time : 1547406028.462665s
recap -- time : 1547406028.462704s
creation_recap -- time : 1547406028.462716s
lecture_arbre -- time : 1547406028.462725s
is_fonct_in_recap -- time : 1547406028.462735s
END -- time : 1547406028.462743s
new_fonct -- time : 1547406028.462753s
END -- time : 1547406028.462761s
lecture_arbre_aux -- time : 1547406028.462769s
is_fonct_in_recap -- time : 1547406028.462776s
END -- time : 1547406028.462784s
new_fonct -- time : 1547406028.462790s
END -- time : 1547406028.462798s
lecture_arbre_aux -- time : 1547406028.462806s
is_fonct_in_recap -- time : 1547406028.462814s
END -- time : 1547406028.462821s
update_fonct -- time : 1547406028.462829s
END -- time : 1547406028.462836s
lecture_arbre_aux -- time : 1547406028.462843s
is_fonct_in_recap -- time : 1547406028.462850s
END -- time : 1547406028.462857s
update_fonct -- time : 1547406028.462864s
END -- time : 1547406028.462872s
lecture_arbre_aux -- time : 1547406028.462881s
is_fonct_in_recap -- time : 1547406028.462888s
END -- time : 1547406028.462895s
update_fonct -- time : 1547406028.462903s
END -- time : 1547406028.462909s
lecture_arbre_aux -- time : 1547406028.462917s
is_fonct_in_recap -- time : 1547406028.462924s
END -- time : 1547406028.462931s
update_fonct -- time : 1547406028.462938s
END -- time : 1547406028.462945s
lecture_arbre_aux -- time : 1547406028.462952s
is_fonct_in_recap -- time : 1547406028.462960s
END -- time : 1547406028.462968s
update_fonct -- time : 1547406028.462976s
END -- time : 1547406028.462983s
lecture_arbre_aux -- time : 1547406028.462990s
is_fonct_in_recap -- time : 1547406028.462997s
END -- time : 1547406028.463004s
update_fonct -- time : 1547406028.463011s
END -- time : 1547406028.463018s
lecture_arbre_aux -- time : 1547406028.463024s
is_fonct_in_recap -- time : 1547406028.463032s
END -- time : 1547406028.463039s
update_fonct -- time : 1547406028.463047s
END -- time : 1547406028.463053s
lecture_arbre_aux -- time : 1547406028.463060s
is_fonct_in_recap -- time : 1547406028.463068s
END -- time : 1547406028.463077s
update_fonct -- time : 1547406028.463085s
END -- time : 1547406028.463092s
lecture_arbre_aux -- time : 1547406028.463099s
is_fonct_in_recap -- time : 1547406028.463106s
END -- time : 1547406028.463118s
update_fonct -- time : 1547406028.463125s
END -- time : 1547406028.463132s
lecture_arbre_aux -- time : 1547406028.463140s
END -- time : 1547406028.463147s
lecture_arbre_aux -- time : 1547406028.463154s
END -- time : 1547406028.463161s
END -- time : 1547406028.463168s
lecture_arbre_aux -- time : 1547406028.463175s
END -- time : 1547406028.463195s
END -- time : 1547406028.463203s
lecture_arbre_aux -- time : 1547406028.463211s
END -- time : 1547406028.463218s
END -- time : 1547406028.463225s
lecture_arbre_aux -- time : 1547406028.463232s
END -- time : 1547406028.463239s
END -- time : 1547406028.463246s
lecture_arbre_aux -- time : 1547406028.463253s
END -- time : 1547406028.463260s
END -- time : 1547406028.463267s
lecture_arbre_aux -- time : 1547406028.463274s
END -- time : 1547406028.463281s
END -- time : 1547406028.463288s
lecture_arbre_aux -- time : 1547406028.463297s
END -- time : 1547406028.463305s
END -- time : 1547406028.463313s
lecture_arbre_aux -- time : 1547406028.463321s
END -- time : 1547406028.463328s
END -- time : 1547406028.463335s
lecture_arbre_aux -- time : 1547406028.463342s
END -- time : 1547406028.463349s
END -- time : 1547406028.463356s
lecture_arbre_aux -- time : 1547406028.463363s
END -- time : 1547406028.463370s
END -- time : 1547406028.463377s
END -- time : 1547406028.463385s
END -- time : 1547406028.463394s
tri -- time : 1547406028.463412s
compar -- time : 1547406028.463420s
END -- time : 1547406028.463427s
echange -- time : 1547406028.463435s
END -- time : 1547406028.463442s
compar -- time : 1547406028.463449s
END -- time : 1547406028.463456s
END -- time : 1547406028.463463s
affiche_recap -- time : 1547406028.463472s
END -- time : 1547406028.463499s
tri -- time : 1547406028.463513s
compar -- time : 1547406028.463521s
END -- time : 1547406028.463528s
echange -- time : 1547406028.463535s
END -- time : 1547406028.463542s
compar -- time : 1547406028.463550s
END -- time : 1547406028.463558s
END -- time : 1547406028.463566s
affiche_recap -- time : 1547406028.463573s
END -- time : 1547406028.463596s
tri -- time : 1547406028.463609s
compar -- time : 1547406028.463616s
END -- time : 1547406028.463624s
echange -- time : 1547406028.463632s
END -- time : 1547406028.463639s
compar -- time : 1547406028.463647s
END -- time : 1547406028.463654s
END -- time : 1547406028.463662s
affiche_recap -- time : 1547406028.463670s
END -- time : 1547406028.463692s
END -- time : 1547406028.463700s
draw_recap -- time : 1547406028.463708s
draw_line_recap -- time : 1547406028.464458s
END -- time : 1547406028.465082s
draw_line_recap -- time : 1547406028.465099s
END -- time : 1547406028.465767s
draw_line_recap -- time : 1547406028.465782s
END -- time : 1547406028.466296s
END -- time : 1547406028.469127s
recup_clic_recap -- time : 1547406028.469156s
END -- time : 1547406029.416651s
affiche_menu -- time : 1547406029.416690s
END -- time : 1547406029.419305s
recup_clic_menu -- time : 1547406029.419342s
END -- time : 1547406030.499988s
END -- time : 1547406030.500031s
quitter -- time : 1547406030.500044s
END -- time : 1547406030.503511s
END -- time : 1547406030.503539s
