main -- time : 11536.949597s
buildTree -- time : 11536.949670s
dataFile -- time : 11536.949698s
END -- time : 11536.949735s
allocCel -- time : 11536.949763s
END -- time : 11536.949783s
buildTree -- time : 11536.949804s
dataFile -- time : 11536.949824s
END -- time : 11536.949845s
allocCel -- time : 11536.949864s
END -- time : 11536.949884s
buildTree -- time : 11536.949901s
dataFile -- time : 11536.949919s
END -- time : 11536.949937s
allocCel -- time : 11536.949962s
END -- time : 11536.949982s
buildTree -- time : 11536.950001s
dataFile -- time : 11536.950019s
END -- time : 11536.950037s
allocCel -- time : 11536.950055s
END -- time : 11536.950072s
buildTree -- time : 11536.950089s
dataFile -- time : 11536.950105s
END -- time : 11536.950123s
allocCel -- time : 11536.950140s
END -- time : 11536.950158s
buildTree -- time : 11536.950174s
dataFile -- time : 11536.950190s
END -- time : 11536.950209s
allocCel -- time : 11536.950227s
END -- time : 11536.950245s
buildTree -- time : 11536.950263s
dataFile -- time : 11536.950281s
END -- time : 11536.950299s
allocCel -- time : 11536.950317s
END -- time : 11536.950334s
buildTree -- time : 11536.950353s
dataFile -- time : 11536.950371s
END -- time : 11536.950390s
allocCel -- time : 11536.950409s
END -- time : 11536.950428s
buildTree -- time : 11536.950446s
dataFile -- time : 11536.950463s
END -- time : 11536.950481s
allocCel -- time : 11536.950499s
END -- time : 11536.950517s
buildTree -- time : 11536.950536s
dataFile -- time : 11536.950554s
END -- time : 11536.950573s
allocCel -- time : 11536.950590s
END -- time : 11536.950607s
buildTree -- time : 11536.950620s
dataFile -- time : 11536.950626s
END -- time : 11536.950632s
allocCel -- time : 11536.950638s
END -- time : 11536.950643s
buildTree -- time : 11536.950648s
dataFile -- time : 11536.950653s
END -- time : 11536.950659s
END -- time : 11536.950665s
buildTree -- time : 11536.950671s
dataFile -- time : 11536.950676s
END -- time : 11536.950682s
END -- time : 11536.950687s
END -- time : 11536.950693s
buildTree -- time : 11536.950698s
dataFile -- time : 11536.950703s
END -- time : 11536.950708s
END -- time : 11536.950713s
END -- time : 11536.950718s
buildTree -- time : 11536.950724s
dataFile -- time : 11536.950729s
END -- time : 11536.950733s
END -- time : 11536.950740s
END -- time : 11536.950744s
buildTree -- time : 11536.950750s
dataFile -- time : 11536.950755s
END -- time : 11536.950760s
END -- time : 11536.950766s
END -- time : 11536.950772s
buildTree -- time : 11536.950777s
dataFile -- time : 11536.950782s
END -- time : 11536.950787s
END -- time : 11536.950793s
END -- time : 11536.950798s
buildTree -- time : 11536.950802s
dataFile -- time : 11536.950807s
END -- time : 11536.950813s
END -- time : 11536.950818s
END -- time : 11536.950823s
buildTree -- time : 11536.950828s
dataFile -- time : 11536.950833s
END -- time : 11536.950839s
END -- time : 11536.950845s
END -- time : 11536.950850s
buildTree -- time : 11536.950856s
dataFile -- time : 11536.950862s
END -- time : 11536.950867s
END -- time : 11536.950872s
END -- time : 11536.950878s
buildTree -- time : 11536.950883s
dataFile -- time : 11536.950889s
END -- time : 11536.950895s
END -- time : 11536.950900s
END -- time : 11536.950905s
buildTree -- time : 11536.950911s
dataFile -- time : 11536.950916s
END -- time : 11536.950921s
END -- time : 11536.950927s
END -- time : 11536.950932s
buildTree -- time : 11536.950938s
dataFile -- time : 11536.950944s
END -- time : 11536.950951s
END -- time : 11536.950956s
END -- time : 11536.950961s
add -- time : 11536.950967s
alloc_History -- time : 11536.950972s
END -- time : 11536.950978s
END -- time : 11536.950983s
arbreEnTab -- time : 11536.950989s
addElement -- time : 11536.950995s
isElement -- time : 11536.951000s
END -- time : 11536.951004s
END -- time : 11536.951016s
arbreEnTab -- time : 11536.951026s
addElement -- time : 11536.951032s
isElement -- time : 11536.951036s
END -- time : 11536.951043s
END -- time : 11536.951049s
arbreEnTab -- time : 11536.951055s
addElement -- time : 11536.951060s
isElement -- time : 11536.951064s
END -- time : 11536.951069s
END -- time : 11536.951091s
arbreEnTab -- time : 11536.951097s
addElement -- time : 11536.951102s
isElement -- time : 11536.951108s
END -- time : 11536.951114s
END -- time : 11536.951119s
arbreEnTab -- time : 11536.951125s
addElement -- time : 11536.951129s
isElement -- time : 11536.951134s
END -- time : 11536.951139s
END -- time : 11536.951145s
arbreEnTab -- time : 11536.951150s
addElement -- time : 11536.951155s
isElement -- time : 11536.951162s
END -- time : 11536.951167s
END -- time : 11536.951172s
arbreEnTab -- time : 11536.951177s
addElement -- time : 11536.951182s
isElement -- time : 11536.951187s
END -- time : 11536.951192s
END -- time : 11536.951197s
arbreEnTab -- time : 11536.951202s
addElement -- time : 11536.951206s
isElement -- time : 11536.951212s
END -- time : 11536.951217s
END -- time : 11536.951222s
arbreEnTab -- time : 11536.951227s
addElement -- time : 11536.951232s
isElement -- time : 11536.951237s
END -- time : 11536.951242s
END -- time : 11536.951247s
arbreEnTab -- time : 11536.951253s
addElement -- time : 11536.951258s
isElement -- time : 11536.951263s
END -- time : 11536.951268s
END -- time : 11536.951273s
arbreEnTab -- time : 11536.951279s
addElement -- time : 11536.951284s
isElement -- time : 11536.951289s
END -- time : 11536.951295s
END -- time : 11536.951300s
arbreEnTab -- time : 11536.951305s
END -- time : 11536.951310s
arbreEnTab -- time : 11536.951315s
END -- time : 11536.951320s
END -- time : 11536.951326s
arbreEnTab -- time : 11536.951331s
END -- time : 11536.951336s
END -- time : 11536.951340s
arbreEnTab -- time : 11536.951345s
END -- time : 11536.951351s
END -- time : 11536.951356s
arbreEnTab -- time : 11536.951362s
END -- time : 11536.951368s
END -- time : 11536.951373s
arbreEnTab -- time : 11536.951379s
END -- time : 11536.951385s
END -- time : 11536.951391s
arbreEnTab -- time : 11536.951396s
END -- time : 11536.951402s
END -- time : 11536.951409s
arbreEnTab -- time : 11536.951413s
END -- time : 11536.951420s
END -- time : 11536.951425s
arbreEnTab -- time : 11536.951431s
END -- time : 11536.951436s
END -- time : 11536.951441s
arbreEnTab -- time : 11536.951446s
END -- time : 11536.951452s
END -- time : 11536.951457s
arbreEnTab -- time : 11536.951463s
END -- time : 11536.951468s
END -- time : 11536.951474s
arbreEnTab -- time : 11536.951478s
END -- time : 11536.951483s
END -- time : 11536.951489s
menu -- time : 11537.24029s
END -- time : 11538.855792s
drawTree -- time : 11538.855829s
depth -- time : 11538.856679s
nbFrd -- time : 11538.856697s
END -- time : 11538.856705s
depth -- time : 11538.856711s
nbFrd -- time : 11538.856718s
END -- time : 11538.856725s
depth -- time : 11538.856731s
nbFrd -- time : 11538.856738s
END -- time : 11538.856748s
depth -- time : 11538.856755s
nbFrd -- time : 11538.856761s
END -- time : 11538.856768s
depth -- time : 11538.856775s
nbFrd -- time : 11538.856782s
END -- time : 11538.856788s
depth -- time : 11538.856795s
nbFrd -- time : 11538.856802s
END -- time : 11538.856808s
depth -- time : 11538.856815s
nbFrd -- time : 11538.856821s
END -- time : 11538.856828s
depth -- time : 11538.856834s
nbFrd -- time : 11538.856841s
END -- time : 11538.856847s
depth -- time : 11538.856853s
nbFrd -- time : 11538.856860s
END -- time : 11538.856867s
depth -- time : 11538.856873s
nbFrd -- time : 11538.856880s
END -- time : 11538.856887s
depth -- time : 11538.856893s
nbFrd -- time : 11538.856900s
END -- time : 11538.856907s
END -- time : 11538.856913s
depth -- time : 11538.856920s
END -- time : 11538.856926s
max -- time : 11538.856933s
END -- time : 11538.856939s
END -- time : 11538.856946s
depth -- time : 11538.856953s
END -- time : 11538.856959s
max -- time : 11538.856966s
END -- time : 11538.856973s
END -- time : 11538.856979s
depth -- time : 11538.856986s
END -- time : 11538.856992s
max -- time : 11538.856999s
END -- time : 11538.857005s
END -- time : 11538.857012s
depth -- time : 11538.857018s
END -- time : 11538.857025s
max -- time : 11538.857032s
END -- time : 11538.857038s
END -- time : 11538.857045s
depth -- time : 11538.857051s
END -- time : 11538.857058s
max -- time : 11538.857065s
END -- time : 11538.857084s
END -- time : 11538.857091s
depth -- time : 11538.857097s
END -- time : 11538.857104s
max -- time : 11538.857110s
END -- time : 11538.857117s
END -- time : 11538.857123s
depth -- time : 11538.857130s
END -- time : 11538.857136s
max -- time : 11538.857143s
END -- time : 11538.857150s
END -- time : 11538.857156s
depth -- time : 11538.857162s
END -- time : 11538.857169s
max -- time : 11538.857175s
END -- time : 11538.857182s
END -- time : 11538.857189s
depth -- time : 11538.857195s
END -- time : 11538.857202s
max -- time : 11538.857208s
END -- time : 11538.857214s
END -- time : 11538.857221s
depth -- time : 11538.857228s
END -- time : 11538.857235s
max -- time : 11538.857241s
END -- time : 11538.857248s
END -- time : 11538.857254s
drawTreeAux -- time : 11538.857261s
nbFrd -- time : 11538.857267s
END -- time : 11538.857275s
drawTreeAux -- time : 11538.857496s
nbFrd -- time : 11538.857506s
END -- time : 11538.857513s
drawTreeAux -- time : 11538.857709s
nbFrd -- time : 11538.857721s
END -- time : 11538.857728s
drawTreeAux -- time : 11538.857896s
nbFrd -- time : 11538.857905s
END -- time : 11538.857912s
drawTreeAux -- time : 11538.858056s
nbFrd -- time : 11538.858068s
END -- time : 11538.858075s
drawTreeAux -- time : 11538.858198s
nbFrd -- time : 11538.858210s
END -- time : 11538.858216s
drawTreeAux -- time : 11538.858316s
nbFrd -- time : 11538.858326s
END -- time : 11538.858333s
drawTreeAux -- time : 11538.858412s
nbFrd -- time : 11538.858423s
END -- time : 11538.858430s
drawTreeAux -- time : 11538.858493s
nbFrd -- time : 11538.858502s
END -- time : 11538.858509s
drawTreeAux -- time : 11538.858555s
nbFrd -- time : 11538.858565s
END -- time : 11538.858571s
drawTreeAux -- time : 11538.858603s
END -- time : 11538.858612s
drawTreeAux -- time : 11538.858619s
END -- time : 11538.858625s
END -- time : 11538.858724s
drawTreeAux -- time : 11538.858736s
END -- time : 11538.858744s
END -- time : 11538.858757s
drawTreeAux -- time : 11538.858767s
END -- time : 11538.858773s
END -- time : 11538.858786s
drawTreeAux -- time : 11538.858798s
END -- time : 11538.858805s
END -- time : 11538.858816s
drawTreeAux -- time : 11538.858826s
END -- time : 11538.858833s
END -- time : 11538.858844s
drawTreeAux -- time : 11538.858854s
END -- time : 11538.858860s
END -- time : 11538.858872s
drawTreeAux -- time : 11538.858883s
END -- time : 11538.858890s
END -- time : 11538.858901s
drawTreeAux -- time : 11538.858908s
END -- time : 11538.858914s
END -- time : 11538.858926s
drawTreeAux -- time : 11538.858933s
END -- time : 11538.858940s
END -- time : 11538.858951s
drawTreeAux -- time : 11538.858959s
END -- time : 11538.858966s
END -- time : 11538.858977s
END -- time : 11538.860723s
clic_to_tree -- time : 11540.64914s
nbFrd -- time : 11540.64962s
END -- time : 11540.64972s
clic_in -- time : 11540.64982s
END -- time : 11540.64990s
clic_in -- time : 11540.64998s
END -- time : 11540.65005s
clic_to_tree -- time : 11540.65013s
nbFrd -- time : 11540.65020s
END -- time : 11540.65028s
clic_in -- time : 11540.65036s
END -- time : 11540.65044s
clic_in -- time : 11540.65052s
END -- time : 11540.65061s
clic_to_tree -- time : 11540.65069s
nbFrd -- time : 11540.65076s
END -- time : 11540.65084s
clic_in -- time : 11540.65092s
END -- time : 11540.65100s
clic_in -- time : 11540.65107s
END -- time : 11540.65116s
clic_to_tree -- time : 11540.65123s
nbFrd -- time : 11540.65132s
END -- time : 11540.65140s
clic_in -- time : 11540.65149s
END -- time : 11540.65156s
clic_in -- time : 11540.65165s
END -- time : 11540.65173s
clic_to_tree -- time : 11540.65180s
nbFrd -- time : 11540.65188s
END -- time : 11540.65197s
clic_in -- time : 11540.65205s
END -- time : 11540.65213s
clic_in -- time : 11540.65221s
END -- time : 11540.65228s
clic_to_tree -- time : 11540.65236s
nbFrd -- time : 11540.65244s
END -- time : 11540.65253s
clic_in -- time : 11540.65260s
END -- time : 11540.65268s
clic_in -- time : 11540.65276s
END -- time : 11540.65284s
clic_to_tree -- time : 11540.65292s
nbFrd -- time : 11540.65301s
END -- time : 11540.65309s
clic_in -- time : 11540.65317s
END -- time : 11540.65355s
clic_in -- time : 11540.65364s
END -- time : 11540.65373s
clic_to_tree -- time : 11540.65380s
nbFrd -- time : 11540.65398s
END -- time : 11540.65408s
clic_in -- time : 11540.65416s
END -- time : 11540.65425s
clic_in -- time : 11540.65434s
END -- time : 11540.65442s
END -- time : 11540.65451s
END -- time : 11540.65459s
END -- time : 11540.65469s
END -- time : 11540.65478s
END -- time : 11540.65487s
END -- time : 11540.65495s
END -- time : 11540.65503s
END -- time : 11540.65512s
add -- time : 11540.65521s
alloc_History -- time : 11540.65531s
END -- time : 11540.65541s
END -- time : 11540.65549s
drawTree -- time : 11540.65559s
depth -- time : 11540.66343s
nbFrd -- time : 11540.66364s
END -- time : 11540.66374s
depth -- time : 11540.66383s
nbFrd -- time : 11540.66391s
END -- time : 11540.66400s
depth -- time : 11540.66409s
nbFrd -- time : 11540.66418s
END -- time : 11540.66427s
END -- time : 11540.66437s
depth -- time : 11540.66446s
END -- time : 11540.66454s
max -- time : 11540.66463s
END -- time : 11540.66472s
END -- time : 11540.66482s
depth -- time : 11540.66492s
END -- time : 11540.66501s
max -- time : 11540.66510s
END -- time : 11540.66519s
END -- time : 11540.66528s
drawTreeAux -- time : 11540.66537s
nbFrd -- time : 11540.66546s
END -- time : 11540.66556s
drawTreeAux -- time : 11540.66855s
nbFrd -- time : 11540.66869s
END -- time : 11540.66878s
drawTreeAux -- time : 11540.67353s
END -- time : 11540.67379s
drawTreeAux -- time : 11540.67389s
END -- time : 11540.67397s
END -- time : 11540.67419s
drawTreeAux -- time : 11540.67431s
END -- time : 11540.67440s
END -- time : 11540.67457s
END -- time : 11540.69331s
clic_to_tree -- time : 11540.481176s
nbFrd -- time : 11540.481208s
END -- time : 11540.481216s
clic_in -- time : 11540.481222s
END -- time : 11540.481229s
clic_in -- time : 11540.481234s
END -- time : 11540.481241s
clic_to_tree -- time : 11540.481247s
nbFrd -- time : 11540.481253s
END -- time : 11540.481259s
clic_in -- time : 11540.481265s
END -- time : 11540.481271s
clic_in -- time : 11540.481277s
END -- time : 11540.481282s
END -- time : 11540.481288s
END -- time : 11540.481295s
add -- time : 11540.481302s
alloc_History -- time : 11540.481308s
END -- time : 11540.481315s
END -- time : 11540.481324s
drawTree -- time : 11540.481330s
depth -- time : 11540.482103s
nbFrd -- time : 11540.482140s
END -- time : 11540.482147s
END -- time : 11540.482155s
drawTreeAux -- time : 11540.482163s
END -- time : 11540.482171s
END -- time : 11540.493739s
